0 info it worked if it ends with ok
1 verbose cli [ '/usr/local/bin/node', '/usr/local/bin/npm', 'start' ]
2 info using npm@3.10.10
3 info using node@v6.9.4
4 verbose run-script [ 'prestart', 'start', 'poststart' ]
5 info lifecycle Signal@0.0.1~prestart: Signal@0.0.1
6 silly lifecycle Signal@0.0.1~prestart: no script for prestart, continuing
7 info lifecycle Signal@0.0.1~start: Signal@0.0.1
8 verbose lifecycle Signal@0.0.1~start: unsafe-perm in lifecycle true
9 verbose lifecycle Signal@0.0.1~start: PATH: /usr/local/lib/node_modules/npm/bin/node-gyp-bin:/Users/kylepastor/Development/TheBox/Signal/node_modules/.bin:/opt/local/bin:/opt/local/sbin:/opt/local/bin:/opt/local/sbin:/usr/bin:/bin:/usr/sbin:/sbin:/usr/local/bin:/Users/kylepastor/Dropbox/Development/AndroidDevelopment/sdk:/Users/kylepastor/Dropbox/Development/AndroidDevelopment/sdk/tools:/Users/kylepastor/Dropbox/Development/AndroidDevelopment/sdk/platform-tools:/Users/kylepastor/Dropbox/Development/AndroidDevelopment/ant/bin:/Users/kylepastor/Dropbox/Development/AndroidDevelopment/android-ndk-r9c:/usr/local/git/bin:/usr/texbin
10 verbose lifecycle Signal@0.0.1~start: CWD: /Users/kylepastor/Development/TheBox/Signal
11 silly lifecycle Signal@0.0.1~start: Args: [ '-c', 'node app.js' ]
12 silly lifecycle Signal@0.0.1~start: Returned: code: 1  signal: null
13 info lifecycle Signal@0.0.1~start: Failed to exec start script
14 verbose stack Error: Signal@0.0.1 start: `node app.js`
14 verbose stack Exit status 1
14 verbose stack     at EventEmitter.<anonymous> (/usr/local/lib/node_modules/npm/lib/utils/lifecycle.js:255:16)
14 verbose stack     at emitTwo (events.js:106:13)
14 verbose stack     at EventEmitter.emit (events.js:191:7)
14 verbose stack     at ChildProcess.<anonymous> (/usr/local/lib/node_modules/npm/lib/utils/spawn.js:40:14)
14 verbose stack     at emitTwo (events.js:106:13)
14 verbose stack     at ChildProcess.emit (events.js:191:7)
14 verbose stack     at maybeClose (internal/child_process.js:877:16)
14 verbose stack     at Process.ChildProcess._handle.onexit (internal/child_process.js:226:5)
15 verbose pkgid Signal@0.0.1
16 verbose cwd /Users/kylepastor/Development/TheBox/Signal
17 error Darwin 14.3.0
18 error argv "/usr/local/bin/node" "/usr/local/bin/npm" "start"
19 error node v6.9.4
20 error npm  v3.10.10
21 error code ELIFECYCLE
22 error Signal@0.0.1 start: `node app.js`
22 error Exit status 1
23 error Failed at the Signal@0.0.1 start script 'node app.js'.
23 error Make sure you have the latest version of node.js and npm installed.
23 error If you do, this is most likely a problem with the Signal package,
23 error not with npm itself.
23 error Tell the author that this fails on your system:
23 error     node app.js
23 error You can get information on how to open an issue for this project with:
23 error     npm bugs Signal
23 error Or if that isn't available, you can get their info via:
23 error     npm owner ls Signal
23 error There is likely additional logging output above.
24 verbose exit [ 1, true ]
